{
  "stats": {
    "suites": 1,
    "tests": 4,
    "passes": 4,
    "pending": 0,
    "failures": 0,
    "start": "2022-03-03T14:48:00.230Z",
    "end": "2022-03-03T14:48:02.984Z",
    "duration": 2754,
    "testsRegistered": 4,
    "passPercent": 100,
    "pendingPercent": 0,
    "other": 0,
    "hasOther": false,
    "skipped": 0,
    "hasSkipped": false
  },
  "results": [
    {
      "uuid": "dc1b00f2-42d5-4709-91c8-bec03967c545",
      "title": "",
      "fullFile": "cypress/integration/home.spec.ts",
      "file": "cypress/integration/home.spec.ts",
      "beforeHooks": [],
      "afterHooks": [],
      "tests": [],
      "suites": [
        {
          "uuid": "711eddab-c56d-467a-ad40-02589ad6b332",
          "title": "Ponyracer",
          "fullFile": "",
          "file": "",
          "beforeHooks": [],
          "afterHooks": [],
          "tests": [
            {
              "title": "should display title on home page",
              "fullTitle": "Ponyracer should display title on home page",
              "timedOut": null,
              "duration": 602,
              "state": "passed",
              "speed": "fast",
              "pass": true,
              "fail": false,
              "pending": false,
              "context": null,
              "code": "cy.visit('/');\ncy.contains('h1', 'Ponyracer');",
              "err": {},
              "uuid": "874d6ca2-5aff-476d-b969-10aa9e33b789",
              "parentUUID": "711eddab-c56d-467a-ad40-02589ad6b332",
              "isHook": false,
              "skipped": false
            },
            {
              "title": "should display a navbar",
              "fullTitle": "Ponyracer should display a navbar",
              "timedOut": null,
              "duration": 429,
              "state": "passed",
              "speed": "fast",
              "pass": true,
              "fail": false,
              "pending": false,
              "context": null,
              "code": "cy.visit('/');\ncy.contains(navbarBrand, 'PonyRacer');\ncy.contains(navbarLink, 'Races');",
              "err": {},
              "uuid": "3bf3d0a7-427d-4ce9-89b0-e074cbb09e82",
              "parentUUID": "711eddab-c56d-467a-ad40-02589ad6b332",
              "isHook": false,
              "skipped": false
            },
            {
              "title": "should display a navbar collapsed on small screen",
              "fullTitle": "Ponyracer should display a navbar collapsed on small screen",
              "timedOut": null,
              "duration": 605,
              "state": "passed",
              "speed": "fast",
              "pass": true,
              "fail": false,
              "pending": false,
              "context": null,
              "code": "cy.viewport('iphone-6+');\ncy.visit('/');\ncy.contains(navbarBrand, 'PonyRacer');\ncy.get(navbarLink).should('not.be.visible');\n// toggle the navbar\ncy.get('.navbar-toggler').click();\ncy.get(navbarLink).should('be.visible');",
              "err": {},
              "uuid": "e5bb493c-ae6d-42b6-983e-f1ecafff8a55",
              "parentUUID": "711eddab-c56d-467a-ad40-02589ad6b332",
              "isHook": false,
              "skipped": false
            },
            {
              "title": "should display a race list",
              "fullTitle": "Ponyracer should display a race list",
              "timedOut": null,
              "duration": 1016,
              "state": "passed",
              "speed": "fast",
              "pass": true,
              "fail": false,
              "pending": false,
              "context": null,
              "code": "cy.visit('/');\ncy.get('h2').should('have.length', 4);",
              "err": {},
              "uuid": "ed0f94b0-2488-4006-9a13-bd01f9bc1f92",
              "parentUUID": "711eddab-c56d-467a-ad40-02589ad6b332",
              "isHook": false,
              "skipped": false
            }
          ],
          "suites": [],
          "passes": [
            "874d6ca2-5aff-476d-b969-10aa9e33b789",
            "3bf3d0a7-427d-4ce9-89b0-e074cbb09e82",
            "e5bb493c-ae6d-42b6-983e-f1ecafff8a55",
            "ed0f94b0-2488-4006-9a13-bd01f9bc1f92"
          ],
          "failures": [],
          "pending": [],
          "skipped": [],
          "duration": 2652,
          "root": false,
          "rootEmpty": false,
          "_timeout": 2000
        }
      ],
      "passes": [],
      "failures": [],
      "pending": [],
      "skipped": [],
      "duration": 0,
      "root": true,
      "rootEmpty": true,
      "_timeout": 2000
    }
  ],
  "meta": {
    "mocha": {
      "version": "7.0.1"
    },
    "mochawesome": {
      "options": {
        "quiet": false,
        "reportFilename": "mochawesome",
        "saveHtml": false,
        "saveJson": true,
        "consoleReporter": "spec",
        "useInlineDiffs": false,
        "code": true
      },
      "version": "7.0.1"
    },
    "marge": {
      "options": {
        "reportDir": "results/mochawesome",
        "overwrite": false,
        "html": false,
        "json": true
      },
      "version": "6.0.1"
    }
  }
}